<?xml version="1.0" encoding="UTF-8"?>
<testng-results ignored="0" total="1" passed="1" failed="0" skipped="0">
  <reporter-output>
  </reporter-output>
  <suite started-at="2020-07-12T13:26:33Z" name="Surefire suite" finished-at="2020-07-12T13:26:40Z" duration-ms="6383">
    <groups>
      <group name="cucumber">
        <method signature="AbstractTestNGCucumberTests.runScenario(io.cucumber.testng.PickleWrapper, io.cucumber.testng.FeatureWrapper)[pri:0, instance:PlaceValidations.PlaceValidationsTest@7dc222ae]" name="runScenario" class="io.cucumber.testng.AbstractTestNGCucumberTests"/>
      </group> <!-- cucumber -->
    </groups>
    <test started-at="2020-07-12T13:26:33Z" name="Surefire test" finished-at="2020-07-12T13:26:40Z" duration-ms="6383">
      <class name="PlaceValidations.PlaceValidationsTest">
        <test-method is-config="true" signature="setUpClass()[pri:0, instance:PlaceValidations.PlaceValidationsTest@7dc222ae]" started-at="2020-07-12T13:26:33Z" name="setUpClass" finished-at="2020-07-12T13:26:33Z" duration-ms="327" status="PASS">
          <reporter-output>
          </reporter-output>
        </test-method> <!-- setUpClass -->
        <test-method signature="runScenario(io.cucumber.testng.PickleWrapper, io.cucumber.testng.FeatureWrapper)[pri:0, instance:PlaceValidations.PlaceValidationsTest@7dc222ae]" started-at="2020-07-12T13:26:34Z" name="runScenario" description="Runs Cucumber Scenarios" data-provider="scenarios" finished-at="2020-07-12T13:26:40Z" duration-ms="6018" status="PASS">
          <params>
            <param index="0">
              <value>
                <![CDATA["Verify adding place by providing valid parameters"]]>
              </value>
            </param>
            <param index="1">
              <value>
                <![CDATA["Place Validation"]]>
              </value>
            </param>
          </params>
          <reporter-output>
          </reporter-output>
        </test-method> <!-- runScenario -->
        <test-method is-config="true" signature="tearDownClass()[pri:0, instance:PlaceValidations.PlaceValidationsTest@7dc222ae]" started-at="2020-07-12T13:26:40Z" name="tearDownClass" finished-at="2020-07-12T13:26:40Z" duration-ms="2" status="PASS">
          <reporter-output>
          </reporter-output>
        </test-method> <!-- tearDownClass -->
      </class> <!-- PlaceValidations.PlaceValidationsTest -->
    </test> <!-- Surefire test -->
  </suite> <!-- Surefire suite -->
</testng-results>
